# JRE version: OpenJDK Runtime Environment (17.0.10) (build 17.0.10+0--11572160)
# Java VM: OpenJDK 64-Bit Server VM (17.0.10+0--11572160, mixed mode, tiered, compressed oops, compressed class ptrs, g1 gc, windows-amd64)
GC Precious Log:
 CPUs: 8 total, 8 available
 Memory: 7932M
 Large Page Support: Disabled
 NUMA Support: Disabled
 Compressed Oops: Enabled (32-bit)
 Heap Region Size: 1M
 Heap Min Capacity: 8M
 Heap Initial Capacity: 124M
 Heap Max Capacity: 2G
 Pre-touch: Disabled
 Parallel Workers: 8
 Concurrent Workers: 2
 Concurrent Refinement Workers: 8
 Periodic GC: Disabled
Heap:
 garbage-first heap   total 162816K, used 87036K [0x0000000080000000, 0x0000000100000000)
  region size 1024K, 1 young (1024K), 1 survivors (1024K)
 Metaspace       used 97798K, committed 98496K, reserved 1179648K
  class space    used 13487K, committed 13824K, reserved 1048576K
GC Heap History (20 events):
Event: 10.125 GC heap after
{Heap after GC invocations=31 (full 0):
 garbage-first heap   total 129024K, used 67577K [0x0000000080000000, 0x0000000100000000)
  region size 1024K, 2 young (2048K), 2 survivors (2048K)
 Metaspace       used 78942K, committed 79552K, reserved 1179648K
  class space    used 10733K, committed 11008K, reserved 1048576K
}
Event: 10.647 GC heap before
{Heap before GC invocations=32 (full 0):
 garbage-first heap   total 129024K, used 104441K [0x0000000080000000, 0x0000000100000000)
  region size 1024K, 37 young (37888K), 2 survivors (2048K)
 Metaspace       used 81436K, committed 82048K, reserved 1179648K
  class space    used 11181K, committed 11456K, reserved 1048576K
}
Event: 10.650 GC heap after
{Heap after GC invocations=33 (full 0):
 garbage-first heap   total 156672K, used 68107K [0x0000000080000000, 0x0000000100000000)
  region size 1024K, 3 young (3072K), 3 survivors (3072K)
 Metaspace       used 81436K, committed 82048K, reserved 1179648K
  class space    used 11181K, committed 11456K, reserved 1048576K
}
Event: 10.708 GC heap before
{Heap before GC invocations=33 (full 0):
 garbage-first heap   total 156672K, used 72203K [0x0000000080000000, 0x0000000100000000)
  region size 1024K, 7 young (7168K), 3 survivors (3072K)
 Metaspace       used 81749K, committed 82368K, reserved 1179648K
  class space    used 11246K, committed 11520K, reserved 1048576K
}
Event: 10.710 GC heap after
{Heap after GC invocations=34 (full 0):
 garbage-first heap   total 156672K, used 67447K [0x0000000080000000, 0x0000000100000000)
  region size 1024K, 1 young (1024K), 1 survivors (1024K)
 Metaspace       used 81749K, committed 82368K, reserved 1179648K
  class space    used 11246K, committed 11520K, reserved 1048576K
}
Event: 11.538 GC heap before
{Heap before GC invocations=34 (full 0):
 garbage-first heap   total 156672K, used 125815K [0x0000000080000000, 0x0000000100000000)
  region size 1024K, 58 young (59392K), 1 survivors (1024K)
 Metaspace       used 86191K, committed 86848K, reserved 1179648K
  class space    used 11952K, committed 12288K, reserved 1048576K
}
Event: 11.542 GC heap after
{Heap after GC invocations=35 (full 0):
 garbage-first heap   total 156672K, used 70284K [0x0000000080000000, 0x0000000100000000)
  region size 1024K, 4 young (4096K), 4 survivors (4096K)
 Metaspace       used 86191K, committed 86848K, reserved 1179648K
  class space    used 11952K, committed 12288K, reserved 1048576K
}
Event: 12.188 GC heap before
{Heap before GC invocations=35 (full 0):
 garbage-first heap   total 156672K, used 125580K [0x0000000080000000, 0x0000000100000000)
  region size 1024K, 58 young (59392K), 4 survivors (4096K)
 Metaspace       used 90310K, committed 90944K, reserved 1179648K
  class space    used 12602K, committed 12928K, reserved 1048576K
}
Event: 12.194 GC heap after
{Heap after GC invocations=36 (full 0):
 garbage-first heap   total 156672K, used 72795K [0x0000000080000000, 0x0000000100000000)
  region size 1024K, 6 young (6144K), 6 survivors (6144K)
 Metaspace       used 90310K, committed 90944K, reserved 1179648K
  class space    used 12602K, committed 12928K, reserved 1048576K
}
Event: 12.751 GC heap before
{Heap before GC invocations=36 (full 0):
 garbage-first heap   total 156672K, used 125019K [0x0000000080000000, 0x0000000100000000)
  region size 1024K, 56 young (57344K), 6 survivors (6144K)
 Metaspace       used 94321K, committed 95040K, reserved 1179648K
  class space    used 13057K, committed 13440K, reserved 1048576K
}
Event: 12.762 GC heap after
{Heap after GC invocations=37 (full 0):
 garbage-first heap   total 156672K, used 81545K [0x0000000080000000, 0x0000000100000000)
  region size 1024K, 8 young (8192K), 8 survivors (8192K)
 Metaspace       used 94321K, committed 95040K, reserved 1179648K
  class space    used 13057K, committed 13440K, reserved 1048576K
}
Event: 13.328 GC heap before
{Heap before GC invocations=38 (full 0):
 garbage-first heap   total 156672K, used 129673K [0x0000000080000000, 0x0000000100000000)
  region size 1024K, 53 young (54272K), 8 survivors (8192K)
 Metaspace       used 97126K, committed 97856K, reserved 1179648K
  class space    used 13437K, committed 13760K, reserved 1048576K
}
Event: 13.338 GC heap after
{Heap after GC invocations=39 (full 0):
 garbage-first heap   total 156672K, used 83956K [0x0000000080000000, 0x0000000100000000)
  region size 1024K, 6 young (6144K), 6 survivors (6144K)
 Metaspace       used 97126K, committed 97856K, reserved 1179648K
  class space    used 13437K, committed 13760K, reserved 1048576K
}
Event: 13.342 GC heap before
{Heap before GC invocations=39 (full 0):
 garbage-first heap   total 156672K, used 84980K [0x0000000080000000, 0x0000000100000000)
  region size 1024K, 7 young (7168K), 6 survivors (6144K)
 Metaspace       used 97127K, committed 97856K, reserved 1179648K
  class space    used 13437K, committed 13760K, reserved 1048576K
}
Event: 13.346 GC heap after
{Heap after GC invocations=40 (full 0):
 garbage-first heap   total 156672K, used 83659K [0x0000000080000000, 0x0000000100000000)
  region size 1024K, 1 young (1024K), 1 survivors (1024K)
 Metaspace       used 97127K, committed 97856K, reserved 1179648K
  class space    used 13437K, committed 13760K, reserved 1048576K
}
Event: 13.572 GC heap before
{Heap before GC invocations=40 (full 0):
 garbage-first heap   total 156672K, used 126667K [0x0000000080000000, 0x0000000100000000)
  region size 1024K, 43 young (44032K), 1 survivors (1024K)
 Metaspace       used 97225K, committed 97920K, reserved 1179648K
  class space    used 13438K, committed 13760K, reserved 1048576K
}
Event: 13.577 GC heap after
{Heap after GC invocations=41 (full 0):
 garbage-first heap   total 156672K, used 86040K [0x0000000080000000, 0x0000000100000000)
  region size 1024K, 4 young (4096K), 4 survivors (4096K)
 Metaspace       used 97225K, committed 97920K, reserved 1179648K
  class space    used 13438K, committed 13760K, reserved 1048576K
}
Event: 14.118 GC heap before
{Heap before GC invocations=42 (full 0):
 garbage-first heap   total 162816K, used 125976K [0x0000000080000000, 0x0000000100000000)
  region size 1024K, 44 young (45056K), 4 survivors (4096K)
 Metaspace       used 97794K, committed 98496K, reserved 1179648K
  class space    used 13487K, committed 13824K, reserved 1048576K
}
Event: 14.125 GC heap after
{Heap after GC invocations=43 (full 0):
 garbage-first heap   total 162816K, used 88656K [0x0000000080000000, 0x0000000100000000)
  region size 1024K, 5 young (5120K), 5 survivors (5120K)
 Metaspace       used 97794K, committed 98496K, reserved 1179648K
  class space    used 13487K, committed 13824K, reserved 1048576K
}
Event: 14.136 GC heap before
{Heap before GC invocations=43 (full 0):
 garbage-first heap   total 162816K, used 90704K [0x0000000080000000, 0x0000000100000000)
  region size 1024K, 7 young (7168K), 5 survivors (5120K)
 Metaspace       used 97798K, committed 98496K, reserved 1179648K
  class space    used 13487K, committed 13824K, reserved 1048576K
}

