# JRE version: OpenJDK Runtime Environment (17.0.10) (build 17.0.10+0--11572160)
# Java VM: OpenJDK 64-Bit Server VM (17.0.10+0--11572160, mixed mode, tiered, compressed oops, compressed class ptrs, g1 gc, windows-amd64)
GC Precious Log:
 CPUs: 8 total, 8 available
 Memory: 7932M
 Large Page Support: Disabled
 NUMA Support: Disabled
 Compressed Oops: Enabled (32-bit)
 Heap Region Size: 1M
 Heap Min Capacity: 8M
 Heap Initial Capacity: 124M
 Heap Max Capacity: 2G
 Pre-touch: Disabled
 Parallel Workers: 8
 Concurrent Workers: 2
 Concurrent Refinement Workers: 8
 Periodic GC: Disabled
Heap:
 garbage-first heap   total 176128K, used 144312K [0x0000000080000000, 0x0000000100000000)
  region size 1024K, 73 young (74752K), 7 survivors (7168K)
 Metaspace       used 96773K, committed 97536K, reserved 1179648K
  class space    used 13388K, committed 13760K, reserved 1048576K
GC Heap History (20 events):
Event: 9.195 GC heap before
{Heap before GC invocations=13 (full 0):
 garbage-first heap   total 71680K, used 54688K [0x0000000080000000, 0x0000000100000000)
  region size 1024K, 28 young (28672K), 2 survivors (2048K)
 Metaspace       used 45510K, committed 45952K, reserved 1114112K
  class space    used 6198K, committed 6400K, reserved 1048576K
}
Event: 9.199 GC heap after
{Heap after GC invocations=14 (full 0):
 garbage-first heap   total 71680K, used 31088K [0x0000000080000000, 0x0000000100000000)
  region size 1024K, 4 young (4096K), 4 survivors (4096K)
 Metaspace       used 45510K, committed 45952K, reserved 1114112K
  class space    used 6198K, committed 6400K, reserved 1048576K
}
Event: 9.626 GC heap before
{Heap before GC invocations=14 (full 0):
 garbage-first heap   total 71680K, used 56688K [0x0000000080000000, 0x0000000100000000)
  region size 1024K, 29 young (29696K), 4 survivors (4096K)
 Metaspace       used 48933K, committed 49408K, reserved 1114112K
  class space    used 6741K, committed 6976K, reserved 1048576K
}
Event: 9.630 GC heap after
{Heap after GC invocations=15 (full 0):
 garbage-first heap   total 71680K, used 32298K [0x0000000080000000, 0x0000000100000000)
  region size 1024K, 4 young (4096K), 4 survivors (4096K)
 Metaspace       used 48933K, committed 49408K, reserved 1114112K
  class space    used 6741K, committed 6976K, reserved 1048576K
}
Event: 10.083 GC heap before
{Heap before GC invocations=15 (full 0):
 garbage-first heap   total 71680K, used 56874K [0x0000000080000000, 0x0000000100000000)
  region size 1024K, 28 young (28672K), 4 survivors (4096K)
 Metaspace       used 51999K, committed 52416K, reserved 1114112K
  class space    used 7242K, committed 7424K, reserved 1048576K
}
Event: 10.089 GC heap after
{Heap after GC invocations=16 (full 0):
 garbage-first heap   total 176128K, used 33710K [0x0000000080000000, 0x0000000100000000)
  region size 1024K, 3 young (3072K), 3 survivors (3072K)
 Metaspace       used 51999K, committed 52416K, reserved 1114112K
  class space    used 7242K, committed 7424K, reserved 1048576K
}
Event: 11.806 GC heap before
{Heap before GC invocations=16 (full 0):
 garbage-first heap   total 176128K, used 144302K [0x0000000080000000, 0x0000000100000000)
  region size 1024K, 103 young (105472K), 3 survivors (3072K)
 Metaspace       used 58196K, committed 58816K, reserved 1114112K
  class space    used 8040K, committed 8320K, reserved 1048576K
}
Event: 11.818 GC heap after
{Heap after GC invocations=17 (full 0):
 garbage-first heap   total 176128K, used 52463K [0x0000000080000000, 0x0000000100000000)
  region size 1024K, 13 young (13312K), 13 survivors (13312K)
 Metaspace       used 58196K, committed 58816K, reserved 1114112K
  class space    used 8040K, committed 8320K, reserved 1048576K
}
Event: 12.124 GC heap before
{Heap before GC invocations=17 (full 0):
 garbage-first heap   total 176128K, used 69871K [0x0000000080000000, 0x0000000100000000)
  region size 1024K, 31 young (31744K), 13 survivors (13312K)
 Metaspace       used 59614K, committed 60160K, reserved 1114112K
  class space    used 8242K, committed 8512K, reserved 1048576K
}
Event: 12.131 GC heap after
{Heap after GC invocations=18 (full 0):
 garbage-first heap   total 176128K, used 53519K [0x0000000080000000, 0x0000000100000000)
  region size 1024K, 2 young (2048K), 2 survivors (2048K)
 Metaspace       used 59614K, committed 60160K, reserved 1114112K
  class space    used 8242K, committed 8512K, reserved 1048576K
}
Event: 13.305 GC heap before
{Heap before GC invocations=19 (full 0):
 garbage-first heap   total 176128K, used 137487K [0x0000000080000000, 0x0000000100000000)
  region size 1024K, 83 young (84992K), 2 survivors (2048K)
 Metaspace       used 68415K, committed 68992K, reserved 1114112K
  class space    used 9289K, committed 9536K, reserved 1048576K
}
Event: 13.310 GC heap after
{Heap after GC invocations=20 (full 0):
 garbage-first heap   total 176128K, used 58978K [0x0000000080000000, 0x0000000100000000)
  region size 1024K, 6 young (6144K), 6 survivors (6144K)
 Metaspace       used 68415K, committed 68992K, reserved 1114112K
  class space    used 9289K, committed 9536K, reserved 1048576K
}
Event: 14.383 GC heap before
{Heap before GC invocations=20 (full 0):
 garbage-first heap   total 176128K, used 141922K [0x0000000080000000, 0x0000000100000000)
  region size 1024K, 83 young (84992K), 6 survivors (6144K)
 Metaspace       used 74465K, committed 75072K, reserved 1179648K
  class space    used 10130K, committed 10368K, reserved 1048576K
}
Event: 14.390 GC heap after
{Heap after GC invocations=21 (full 0):
 garbage-first heap   total 176128K, used 62599K [0x0000000080000000, 0x0000000100000000)
  region size 1024K, 10 young (10240K), 10 survivors (10240K)
 Metaspace       used 74465K, committed 75072K, reserved 1179648K
  class space    used 10130K, committed 10368K, reserved 1048576K
}
Event: 15.404 GC heap before
{Heap before GC invocations=21 (full 0):
 garbage-first heap   total 176128K, used 139399K [0x0000000080000000, 0x0000000100000000)
  region size 1024K, 85 young (87040K), 10 survivors (10240K)
 Metaspace       used 79728K, committed 80320K, reserved 1179648K
  class space    used 10822K, committed 11072K, reserved 1048576K
}
Event: 15.414 GC heap after
{Heap after GC invocations=22 (full 0):
 garbage-first heap   total 176128K, used 68708K [0x0000000080000000, 0x0000000100000000)
  region size 1024K, 11 young (11264K), 11 survivors (11264K)
 Metaspace       used 79728K, committed 80320K, reserved 1179648K
  class space    used 10822K, committed 11072K, reserved 1048576K
}
Event: 16.472 GC heap before
{Heap before GC invocations=22 (full 0):
 garbage-first heap   total 176128K, used 140388K [0x0000000080000000, 0x0000000100000000)
  region size 1024K, 81 young (82944K), 11 survivors (11264K)
 Metaspace       used 84844K, committed 85440K, reserved 1179648K
  class space    used 11746K, committed 12032K, reserved 1048576K
}
Event: 16.481 GC heap after
{Heap after GC invocations=23 (full 0):
 garbage-first heap   total 176128K, used 70712K [0x0000000080000000, 0x0000000100000000)
  region size 1024K, 4 young (4096K), 4 survivors (4096K)
 Metaspace       used 84844K, committed 85440K, reserved 1179648K
  class space    used 11746K, committed 12032K, reserved 1048576K
}
Event: 17.521 GC heap before
{Heap before GC invocations=23 (full 0):
 garbage-first heap   total 176128K, used 142392K [0x0000000080000000, 0x0000000100000000)
  region size 1024K, 74 young (75776K), 4 survivors (4096K)
 Metaspace       used 90411K, committed 91136K, reserved 1179648K
  class space    used 12600K, committed 12928K, reserved 1048576K
}
Event: 17.528 GC heap after
{Heap after GC invocations=24 (full 0):
 garbage-first heap   total 176128K, used 73656K [0x0000000080000000, 0x0000000100000000)
  region size 1024K, 7 young (7168K), 7 survivors (7168K)
 Metaspace       used 90411K, committed 91136K, reserved 1179648K
  class space    used 12600K, committed 12928K, reserved 1048576K
}

